Drill report for 2.kicad_pcb
Created on 2025-07-21T01:47:25+0530

Copper Layer Stackup:
    =============================================================
    L1 :  F.Cu                      front
    L2 :  B.Cu                      back


Drill file '2-PTH.drl' contains
    plated through holes:
    =============================================================
    T1  0.300mm  0.0118"  (116 holes)
    T2  0.300mm  0.0118"  (12 holes)
    T3  0.450mm  0.0177"  (14 holes)
    T4  0.650mm  0.0256"  (4 holes)  (with 4 slots)
    T5  0.700mm  0.0276"  (2 holes)
    T6  1.000mm  0.0394"  (9 holes)

    Total plated holes count 157


Drill file '2-NPTH.drl' contains
    unplated through holes:
    =============================================================
    T1  2.500mm  0.0984"  (2 holes)

    Total unplated holes count 2
